Determining if the pthread_create exist failed with the following output:
Change Dir: /home/ubuntu/jetson_ws/build/CMakeFiles/CMakeTmp

Run Build Command:/usr/bin/make "cmTryCompileExec1047201066/fast"
/usr/bin/make -f CMakeFiles/cmTryCompileExec1047201066.dir/build.make CMakeFiles/cmTryCompileExec1047201066.dir/build
make[1]: Entering directory `/home/ubuntu/jetson_ws/build/CMakeFiles/CMakeTmp'
/usr/bin/cmake -E cmake_progress_report /home/ubuntu/jetson_ws/build/CMakeFiles/CMakeTmp/CMakeFiles 1
Building C object CMakeFiles/cmTryCompileExec1047201066.dir/CheckSymbolExists.c.o
/usr/bin/cc    -o CMakeFiles/cmTryCompileExec1047201066.dir/CheckSymbolExists.c.o   -c /home/ubuntu/jetson_ws/build/CMakeFiles/CMakeTmp/CheckSymbolExists.c
Linking C executable cmTryCompileExec1047201066
/usr/bin/cmake -E cmake_link_script CMakeFiles/cmTryCompileExec1047201066.dir/link.txt --verbose=1
/usr/bin/cc       CMakeFiles/cmTryCompileExec1047201066.dir/CheckSymbolExists.c.o  -o cmTryCompileExec1047201066 -rdynamic 
CMakeFiles/cmTryCompileExec1047201066.dir/CheckSymbolExists.c.o: In function `main':
CheckSymbolExists.c:(.text+0xe): undefined reference to `pthread_create'
CheckSymbolExists.c:(.text+0x12): undefined reference to `pthread_create'
collect2: error: ld returned 1 exit status
make[1]: Leaving directory `/home/ubuntu/jetson_ws/build/CMakeFiles/CMakeTmp'
make[1]: *** [cmTryCompileExec1047201066] Error 1
make: *** [cmTryCompileExec1047201066/fast] Error 2

File /home/ubuntu/jetson_ws/build/CMakeFiles/CMakeTmp/CheckSymbolExists.c:
/* */
#include <pthread.h>

int main(int argc, char** argv)
{
  (void)argv;
#ifndef pthread_create
  return ((int*)(&pthread_create))[argc];
#else
  (void)argc;
  return 0;
#endif
}

Determining if the function pthread_create exists in the pthreads failed with the following output:
Change Dir: /home/ubuntu/jetson_ws/build/CMakeFiles/CMakeTmp

Run Build Command:/usr/bin/make "cmTryCompileExec2684265872/fast"
/usr/bin/make -f CMakeFiles/cmTryCompileExec2684265872.dir/build.make CMakeFiles/cmTryCompileExec2684265872.dir/build
make[1]: Entering directory `/home/ubuntu/jetson_ws/build/CMakeFiles/CMakeTmp'
/usr/bin/cmake -E cmake_progress_report /home/ubuntu/jetson_ws/build/CMakeFiles/CMakeTmp/CMakeFiles 1
Building C object CMakeFiles/cmTryCompileExec2684265872.dir/CheckFunctionExists.c.o
/usr/bin/cc   -DCHECK_FUNCTION_EXISTS=pthread_create   -o CMakeFiles/cmTryCompileExec2684265872.dir/CheckFunctionExists.c.o   -c /usr/share/cmake-2.8/Modules/CheckFunctionExists.c
Linking C executable cmTryCompileExec2684265872
/usr/bin/cmake -E cmake_link_script CMakeFiles/cmTryCompileExec2684265872.dir/link.txt --verbose=1
/usr/bin/cc   -DCHECK_FUNCTION_EXISTS=pthread_create    CMakeFiles/cmTryCompileExec2684265872.dir/CheckFunctionExists.c.o  -o cmTryCompileExec2684265872 -rdynamic -lpthreads 
/usr/bin/ld: cannot find -lpthreads
collect2: error: ld returned 1 exit status
make[1]: Leaving directory `/home/ubuntu/jetson_ws/build/CMakeFiles/CMakeTmp'
make[1]: *** [cmTryCompileExec2684265872] Error 1
make: *** [cmTryCompileExec2684265872/fast] Error 2


